# JRE version: Java(TM) SE Runtime Environment (8.0_202-b08) (build 1.8.0_202-b08)
# Java VM: Java HotSpot(TM) 64-Bit Server VM (25.202-b08 mixed mode windows-amd64 compressed oops)
Heap:
 PSYoungGen      total 74240K, used 40023K [0x000000076dd00000, 0x0000000772f80000, 0x00000007c0000000)
  eden space 64000K, 62% used [0x000000076dd00000,0x0000000770415d70,0x0000000771b80000)
  from space 10240K, 0% used [0x0000000772580000,0x0000000772580000,0x0000000772f80000)
  to   space 10240K, 0% used [0x0000000771b80000,0x0000000771b80000,0x0000000772580000)
 ParOldGen       total 122880K, used 15682K [0x00000006c9600000, 0x00000006d0e00000, 0x000000076dd00000)
  object space 122880K, 12% used [0x00000006c9600000,0x00000006ca550b10,0x00000006d0e00000)
 Metaspace       used 25644K, capacity 26194K, committed 26368K, reserved 1073152K
  class space    used 3361K, capacity 3511K, committed 3584K, reserved 1048576K
GC Heap History (6 events):
Event: 1.461 GC heap before
{Heap before GC invocations=1 (full 0):
 PSYoungGen      total 74240K, used 64000K [0x000000076dd00000, 0x0000000772f80000, 0x00000007c0000000)
  eden space 64000K, 100% used [0x000000076dd00000,0x0000000771b80000,0x0000000771b80000)
  from space 10240K, 0% used [0x0000000772580000,0x0000000772580000,0x0000000772f80000)
  to   space 10240K, 0% used [0x0000000771b80000,0x0000000771b80000,0x0000000772580000)
 ParOldGen       total 169472K, used 0K [0x00000006c9600000, 0x00000006d3b80000, 0x000000076dd00000)
  object space 169472K, 0% used [0x00000006c9600000,0x00000006c9600000,0x00000006d3b80000)
 Metaspace       used 15510K, capacity 15814K, committed 16128K, reserved 1062912K
  class space    used 1833K, capacity 1921K, committed 2048K, reserved 1048576K
Event: 1.475 GC heap after
Heap after GC invocations=1 (full 0):
 PSYoungGen      total 74240K, used 10224K [0x000000076dd00000, 0x0000000772f80000, 0x00000007c0000000)
  eden space 64000K, 0% used [0x000000076dd00000,0x000000076dd00000,0x0000000771b80000)
  from space 10240K, 99% used [0x0000000771b80000,0x000000077257c218,0x0000000772580000)
  to   space 10240K, 0% used [0x0000000772580000,0x0000000772580000,0x0000000772f80000)
 ParOldGen       total 169472K, used 4381K [0x00000006c9600000, 0x00000006d3b80000, 0x000000076dd00000)
  object space 169472K, 2% used [0x00000006c9600000,0x00000006c9a47698,0x00000006d3b80000)
 Metaspace       used 15510K, capacity 15814K, committed 16128K, reserved 1062912K
  class space    used 1833K, capacity 1921K, committed 2048K, reserved 1048576K
}
Event: 1.971 GC heap before
{Heap before GC invocations=2 (full 0):
 PSYoungGen      total 74240K, used 36569K [0x000000076dd00000, 0x0000000772f80000, 0x00000007c0000000)
  eden space 64000K, 41% used [0x000000076dd00000,0x000000076f6ba3d0,0x0000000771b80000)
  from space 10240K, 99% used [0x0000000771b80000,0x000000077257c218,0x0000000772580000)
  to   space 10240K, 0% used [0x0000000772580000,0x0000000772580000,0x0000000772f80000)
 ParOldGen       total 169472K, used 4381K [0x00000006c9600000, 0x00000006d3b80000, 0x000000076dd00000)
  object space 169472K, 2% used [0x00000006c9600000,0x00000006c9a47698,0x00000006d3b80000)
 Metaspace       used 20671K, capacity 21086K, committed 21296K, reserved 1069056K
  class space    used 2453K, capacity 2615K, committed 2688K, reserved 1048576K
Event: 1.991 GC heap after
Heap after GC invocations=2 (full 0):
 PSYoungGen      total 74240K, used 10216K [0x000000076dd00000, 0x0000000772f80000, 0x00000007c0000000)
  eden space 64000K, 0% used [0x000000076dd00000,0x000000076dd00000,0x0000000771b80000)
  from space 10240K, 99% used [0x0000000772580000,0x0000000772f7a298,0x0000000772f80000)
  to   space 10240K, 0% used [0x0000000771b80000,0x0000000771b80000,0x0000000772580000)
 ParOldGen       total 169472K, used 10019K [0x00000006c9600000, 0x00000006d3b80000, 0x000000076dd00000)
  object space 169472K, 5% used [0x00000006c9600000,0x00000006c9fc8d08,0x00000006d3b80000)
 Metaspace       used 20671K, capacity 21086K, committed 21296K, reserved 1069056K
  class space    used 2453K, capacity 2615K, committed 2688K, reserved 1048576K
}
Event: 1.991 GC heap before
{Heap before GC invocations=3 (full 1):
 PSYoungGen      total 74240K, used 10216K [0x000000076dd00000, 0x0000000772f80000, 0x00000007c0000000)
  eden space 64000K, 0% used [0x000000076dd00000,0x000000076dd00000,0x0000000771b80000)
  from space 10240K, 99% used [0x0000000772580000,0x0000000772f7a298,0x0000000772f80000)
  to   space 10240K, 0% used [0x0000000771b80000,0x0000000771b80000,0x0000000772580000)
 ParOldGen       total 169472K, used 10019K [0x00000006c9600000, 0x00000006d3b80000, 0x000000076dd00000)
  object space 169472K, 5% used [0x00000006c9600000,0x00000006c9fc8d08,0x00000006d3b80000)
 Metaspace       used 20671K, capacity 21086K, committed 21296K, reserved 1069056K
  class space    used 2453K, capacity 2615K, committed 2688K, reserved 1048576K
Event: 2.055 GC heap after
Heap after GC invocations=3 (full 1):
 PSYoungGen      total 74240K, used 0K [0x000000076dd00000, 0x0000000772f80000, 0x00000007c0000000)
  eden space 64000K, 0% used [0x000000076dd00000,0x000000076dd00000,0x0000000771b80000)
  from space 10240K, 0% used [0x0000000772580000,0x0000000772580000,0x0000000772f80000)
  to   space 10240K, 0% used [0x0000000771b80000,0x0000000771b80000,0x0000000772580000)
 ParOldGen       total 122880K, used 15682K [0x00000006c9600000, 0x00000006d0e00000, 0x000000076dd00000)
  object space 122880K, 12% used [0x00000006c9600000,0x00000006ca550b10,0x00000006d0e00000)
 Metaspace       used 20671K, capacity 21086K, committed 21296K, reserved 1069056K
  class space    used 2453K, capacity 2615K, committed 2688K, reserved 1048576K
}

